<?xml version="1.0" encoding="UTF-8"?>
<testng-results ignored="0" total="3" passed="3" failed="0" skipped="0">
  <reporter-output>
  </reporter-output>
  <suite started-at="2018-03-09T20:38:55Z" name="Default suite" finished-at="2018-03-09T20:39:44Z" duration-ms="48636">
    <groups>
    </groups>
    <test started-at="2018-03-09T20:38:55Z" name="Default test" finished-at="2018-03-09T20:39:44Z" duration-ms="48636">
      <class name="test.swordactiverisk">
        <test-method is-config="true" signature="LaunchWebSite()[pri:0, instance:test.swordactiverisk@548e6d58]" started-at="2018-03-09T20:38:55Z" name="LaunchWebSite" finished-at="2018-03-09T20:39:05Z" duration-ms="10282" status="PASS">
          <reporter-output>
          </reporter-output>
        </test-method> <!-- LaunchWebSite -->
        <test-method signature="riskmanagement()[pri:1, instance:test.swordactiverisk@548e6d58]" started-at="2018-03-09T20:39:05Z" name="riskmanagement" finished-at="2018-03-09T20:39:11Z" duration-ms="5302" status="PASS">
          <reporter-output>
          </reporter-output>
        </test-method> <!-- riskmanagement -->
        <test-method signature="leverage()[pri:2, instance:test.swordactiverisk@548e6d58]" started-at="2018-03-09T20:39:11Z" name="leverage" finished-at="2018-03-09T20:39:30Z" duration-ms="19323" status="PASS">
          <reporter-output>
          </reporter-output>
        </test-method> <!-- leverage -->
        <test-method signature="compatability()[pri:3, instance:test.swordactiverisk@548e6d58]" started-at="2018-03-09T20:39:30Z" name="compatability" finished-at="2018-03-09T20:39:42Z" duration-ms="11546" status="PASS">
          <reporter-output>
          </reporter-output>
        </test-method> <!-- compatability -->
        <test-method is-config="true" signature="closebrowser()[pri:0, instance:test.swordactiverisk@548e6d58]" started-at="2018-03-09T20:39:42Z" name="closebrowser" finished-at="2018-03-09T20:39:44Z" duration-ms="2146" status="PASS">
          <reporter-output>
          </reporter-output>
        </test-method> <!-- closebrowser -->
      </class> <!-- test.swordactiverisk -->
    </test> <!-- Default test -->
  </suite> <!-- Default suite -->
</testng-results>
